timestamp: 2016-04-04T11:03:29.436000
CREATE TABLE auth_user(
    id INTEGER PRIMARY KEY AUTOINCREMENT,
    first_name CHAR(128),
    last_name CHAR(128),
    email CHAR(512),
    password CHAR(512),
    registration_key CHAR(512),
    reset_password_key CHAR(512),
    registration_id CHAR(512)
);
success!
timestamp: 2016-04-04T11:03:29.515000
CREATE TABLE auth_group(
    id INTEGER PRIMARY KEY AUTOINCREMENT,
    role CHAR(512),
    description TEXT
);
success!
timestamp: 2016-04-04T11:03:29.686000
CREATE TABLE auth_membership(
    id INTEGER PRIMARY KEY AUTOINCREMENT,
    user_id INTEGER REFERENCES auth_user (id) ON DELETE CASCADE  ,
    group_id INTEGER REFERENCES auth_group (id) ON DELETE CASCADE  
);
success!
timestamp: 2016-04-04T11:03:29.760000
CREATE TABLE auth_permission(
    id INTEGER PRIMARY KEY AUTOINCREMENT,
    group_id INTEGER REFERENCES auth_group (id) ON DELETE CASCADE  ,
    name CHAR(512),
    table_name CHAR(512),
    record_id INTEGER
);
success!
timestamp: 2016-04-04T11:03:30.017000
CREATE TABLE auth_event(
    id INTEGER PRIMARY KEY AUTOINCREMENT,
    time_stamp TIMESTAMP,
    client_ip CHAR(512),
    user_id INTEGER REFERENCES auth_user (id) ON DELETE CASCADE  ,
    origin CHAR(512),
    description TEXT
);
success!
timestamp: 2016-04-04T11:03:30.114000
CREATE TABLE auth_cas(
    id INTEGER PRIMARY KEY AUTOINCREMENT,
    user_id INTEGER REFERENCES auth_user (id) ON DELETE CASCADE  ,
    created_on TIMESTAMP,
    service CHAR(512),
    ticket CHAR(512),
    renew CHAR(1)
);
success!
timestamp: 2016-04-04T11:03:30.191000
CREATE TABLE cameras(
    id INTEGER PRIMARY KEY AUTOINCREMENT,
    fabricante CHAR(512) NOT NULL,
    modelo CHAR(512) NOT NULL,
    tipo CHAR(512) NOT NULL,
    tec CHAR(512) NOT NULL,
    lente CHAR(512) NOT NULL,
    angulo CHAR(512),
    resolucao CHAR(512) NOT NULL,
    wdr_blc CHAR(512),
    alcance_ir CHAR(512),
    consumo CHAR(512),
    grau CHAR(512),
    int_ext CHAR(512),
    ip CHAR(512),
    usuario CHAR(512),
    senha CHAR(512),
    serial CHAR(512) NOT NULL,
    switch_poe CHAR(512)
);
success!
success!
timestamp: 2016-04-05T09:18:52.292000
ALTER TABLE cameras ADD onvif CHAR(512) NOT NULL DEFAULT '-';
success!
success!
success!
success!
success!
